<?xml version="1.0" encoding="UTF-8"?>
<Site BuildName="Linux-cc"
	BuildStamp="20240407-2132-Experimental"
	Name="quirrell"
	Generator="ctest-3.28.3"
	CompilerName=""
	CompilerVersion=""
	OSName="Linux"
	Hostname="jolicoeur"
	OSRelease="6.1.0-18-amd64"
	OSVersion="#1 SMP PREEMPT_DYNAMIC Debian 6.1.76-1 (2024-02-01)"
	OSPlatform="x86_64"
	Is64Bits="1"
	VendorString="AuthenticAMD"
	VendorID="Advanced Micro Devices"
	FamilyID="21"
	ModelID="1"
	ProcessorCacheSize="2048"
	NumberOfLogicalCPU="64"
	NumberOfPhysicalCPU="32"
	TotalVirtualMemory="7768"
	TotalPhysicalMemory="128863"
	LogicalProcessorsPerPhysical="2"
	ProcessorClockFrequency="1403.34"
	>
	<Testing>
		<StartDateTime>Apr 07 23:32 CEST</StartDateTime>
		<StartTestTime>1712525562</StartTestTime>
		<TestList/>
		<EndDateTime>Apr 07 23:32 CEST</EndDateTime>
		<EndTestTime>1712525562</EndTestTime>
		<ElapsedMinutes>0</ElapsedMinutes>
	</Testing>
</Site>
