<?xml version="1.0" encoding="UTF-8"?>
<Site BuildName="Linux-cc"
	BuildStamp="20240331-0442-Experimental"
	Name="quirrell"
	Generator="ctest-3.28.3"
	CompilerName=""
	CompilerVersion=""
	OSName="Linux"
	Hostname="ombrage"
	OSRelease="6.1.0-18-amd64"
	OSVersion="#1 SMP PREEMPT_DYNAMIC Debian 6.1.76-1 (2024-02-01)"
	OSPlatform="x86_64"
	Is64Bits="1"
	VendorString="GenuineIntel"
	VendorID="Intel Corporation"
	FamilyID="6"
	ModelID="85"
	ProcessorCacheSize="25344"
	NumberOfLogicalCPU="72"
	NumberOfPhysicalCPU="36"
	TotalVirtualMemory="61012"
	TotalPhysicalMemory="257411"
	LogicalProcessorsPerPhysical="2"
	ProcessorClockFrequency="2600"
	>
	<Testing>
		<StartDateTime>Mar 31 22:11 CEST</StartDateTime>
		<StartTestTime>1711915894</StartTestTime>
		<TestList/>
		<EndDateTime>Mar 31 22:11 CEST</EndDateTime>
		<EndTestTime>1711915894</EndTestTime>
		<ElapsedMinutes>0</ElapsedMinutes>
	</Testing>
</Site>
