<?xml version="1.0" encoding="UTF-8"?>
<Site BuildName="Linux-cc"
	BuildStamp="20240418-0614-Experimental"
	Name="quirrell"
	Generator="ctest-3.28.3"
	CompilerName=""
	CompilerVersion=""
	OSName="Linux"
	Hostname="carne"
	OSRelease="6.1.0-18-amd64"
	OSVersion="#1 SMP PREEMPT_DYNAMIC Debian 6.1.76-1 (2024-02-01)"
	OSPlatform="x86_64"
	Is64Bits="1"
	VendorString="GenuineIntel"
	VendorID="Intel Corporation"
	FamilyID="6"
	ModelID="183"
	ProcessorCacheSize="36864"
	NumberOfLogicalCPU="32"
	NumberOfPhysicalCPU="24"
	TotalVirtualMemory="39070"
	TotalPhysicalMemory="63987"
	LogicalProcessorsPerPhysical="1"
	ProcessorClockFrequency="5296.97"
	>
	<Testing>
		<StartDateTime>Apr 18 08:14 CEST</StartDateTime>
		<StartTestTime>1713420850</StartTestTime>
		<TestList/>
		<EndDateTime>Apr 18 08:14 CEST</EndDateTime>
		<EndTestTime>1713420850</EndTestTime>
		<ElapsedMinutes>0</ElapsedMinutes>
	</Testing>
</Site>
