<?xml version="1.0" encoding="UTF-8"?>
<Site BuildName="Linux-cc"
	BuildStamp="20240330-2111-Experimental"
	Name="quirrell"
	Generator="ctest-3.28.3"
	CompilerName=""
	CompilerVersion=""
	OSName="Linux"
	Hostname="quirrell"
	OSRelease="6.1.0-18-amd64"
	OSVersion="#1 SMP PREEMPT_DYNAMIC Debian 6.1.76-1 (2024-02-01)"
	OSPlatform="x86_64"
	Is64Bits="1"
	VendorString="GenuineIntel"
	VendorID="Intel Corporation"
	FamilyID="6"
	ModelID="85"
	ProcessorCacheSize="25344"
	NumberOfLogicalCPU="72"
	NumberOfPhysicalCPU="36"
	TotalVirtualMemory="61012"
	TotalPhysicalMemory="321923"
	LogicalProcessorsPerPhysical="2"
	ProcessorClockFrequency="1000.09"
	>
	<Testing>
		<StartDateTime>Mar 30 22:38 CET</StartDateTime>
		<StartTestTime>1711834702</StartTestTime>
		<TestList/>
		<EndDateTime>Mar 30 22:38 CET</EndDateTime>
		<EndTestTime>1711834702</EndTestTime>
		<ElapsedMinutes>0</ElapsedMinutes>
	</Testing>
</Site>
